<?xml version="1.0" encoding="UTF-8"?>
<testng-results total="9" passed="9" failed="0" skipped="0">
  <reporter-output>
  </reporter-output>
  <suite started-at="2021-07-10T10:28:01Z" name="Suite" finished-at="2021-07-10T10:28:01Z" duration-ms="50">
    <groups>
    </groups>
    <test started-at="2021-07-10T10:28:01Z" name="Test" finished-at="2021-07-10T10:28:01Z" duration-ms="50">
      <class name="com.testCases.Test3">
        <test-method signature="c1()[pri:0, instance:com.testCases.Test3@3fc2959f]" started-at="2021-07-10T15:58:01Z" name="c1" finished-at="2021-07-10T15:58:01Z" duration-ms="2" status="PASS">
          <reporter-output>
          </reporter-output>
        </test-method> <!-- c1 -->
        <test-method signature="c2()[pri:0, instance:com.testCases.Test3@3fc2959f]" started-at="2021-07-10T15:58:01Z" name="c2" finished-at="2021-07-10T15:58:01Z" duration-ms="2" status="PASS">
          <reporter-output>
          </reporter-output>
        </test-method> <!-- c2 -->
        <test-method signature="c3()[pri:0, instance:com.testCases.Test3@3fc2959f]" started-at="2021-07-10T15:58:01Z" name="c3" finished-at="2021-07-10T15:58:01Z" duration-ms="2" status="PASS">
          <reporter-output>
          </reporter-output>
        </test-method> <!-- c3 -->
      </class> <!-- com.testCases.Test3 -->
      <class name="com.testCases.Test2">
        <test-method signature="b1()[pri:0, instance:com.testCases.Test2@6a78afa0]" started-at="2021-07-10T15:58:01Z" name="b1" finished-at="2021-07-10T15:58:01Z" duration-ms="8" status="PASS">
          <reporter-output>
          </reporter-output>
        </test-method> <!-- b1 -->
        <test-method signature="b2()[pri:0, instance:com.testCases.Test2@6a78afa0]" started-at="2021-07-10T15:58:01Z" name="b2" finished-at="2021-07-10T15:58:01Z" duration-ms="0" status="PASS">
          <reporter-output>
          </reporter-output>
        </test-method> <!-- b2 -->
        <test-method signature="b3()[pri:0, instance:com.testCases.Test2@6a78afa0]" started-at="2021-07-10T15:58:01Z" name="b3" finished-at="2021-07-10T15:58:01Z" duration-ms="1" status="PASS">
          <reporter-output>
          </reporter-output>
        </test-method> <!-- b3 -->
      </class> <!-- com.testCases.Test2 -->
      <class name="com.testCases.Test1">
        <test-method signature="a1()[pri:0, instance:com.testCases.Test1@5aa9e4eb]" started-at="2021-07-10T15:58:01Z" name="a1" finished-at="2021-07-10T15:58:01Z" duration-ms="1" status="PASS">
          <reporter-output>
          </reporter-output>
        </test-method> <!-- a1 -->
        <test-method signature="a2()[pri:0, instance:com.testCases.Test1@5aa9e4eb]" started-at="2021-07-10T15:58:01Z" name="a2" finished-at="2021-07-10T15:58:01Z" duration-ms="1" status="PASS">
          <reporter-output>
          </reporter-output>
        </test-method> <!-- a2 -->
        <test-method signature="a3()[pri:0, instance:com.testCases.Test1@5aa9e4eb]" started-at="2021-07-10T15:58:01Z" name="a3" finished-at="2021-07-10T15:58:01Z" duration-ms="2" status="PASS">
          <reporter-output>
          </reporter-output>
        </test-method> <!-- a3 -->
      </class> <!-- com.testCases.Test1 -->
    </test> <!-- Test -->
  </suite> <!-- Suite -->
</testng-results>
