<?xml version="1.0" encoding="UTF-8"?>
<!-- Generated by org.testng.reporters.JUnitXMLReporter -->
<testsuite hostname="M5290478" failures="0" tests="9" name="Test" time="0.05" errors="0" timestamp="10 Jul 2021 10:28:01 GMT">
  <testcase classname="com.testCases.Test2" name="b1" time="0.008"/>
  <testcase classname="com.testCases.Test2" name="b2" time="0.0"/>
  <testcase classname="com.testCases.Test2" name="b3" time="0.001"/>
  <testcase classname="com.testCases.Test3" name="c1" time="0.002"/>
  <testcase classname="com.testCases.Test3" name="c2" time="0.002"/>
  <testcase classname="com.testCases.Test3" name="c3" time="0.002"/>
  <testcase classname="com.testCases.Test1" name="a1" time="0.001"/>
  <testcase classname="com.testCases.Test1" name="a2" time="0.001"/>
  <testcase classname="com.testCases.Test1" name="a3" time="0.002"/>
</testsuite> <!-- Test -->
